{"E:\\Code\\ReactSample\\notetoself\\src\\index.js": {"path":"E:\\Code\\ReactSample\\notetoself\\src\\index.js","statementMap":{"0":{"start":{"line":6,"column":0},"end":{"line":6,"column":56}}},"fnMap":{},"branchMap":{},"s":{"0":0},"f":{},"b":{},"hash":"853900de713e9fede57ec6a6b53ea8d2e5e83932"}
,"E:\\Code\\ReactSample\\notetoself\\src\\tempPolyfills.js": {"path":"E:\\Code\\ReactSample\\notetoself\\src\\tempPolyfills.js","statementMap":{"0":{"start":{"line":1,"column":30},"end":{"line":3,"column":3}},"1":{"start":{"line":2,"column":4},"end":{"line":2,"column":28}}},"fnMap":{"0":{"name":"(anonymous_0)","decl":{"start":{"line":1,"column":61},"end":{"line":1,"column":62}},"loc":{"start":{"line":1,"column":73},"end":{"line":3,"column":3}},"line":1}},"branchMap":{},"s":{"0":2,"1":0},"f":{"0":0},"b":{},"_coverageSchema":"43e27e138ebf9cfc5966b082cf9a028302ed4184","hash":"703efc1d7ad9265334f32caff63e74577fcffcb7"}
,"E:\\Code\\ReactSample\\notetoself\\src\\components\\App.js": {"path":"E:\\Code\\ReactSample\\notetoself\\src\\components\\App.js","statementMap":{"0":{"start":{"line":6,"column":19},"end":{"line":6,"column":26}},"1":{"start":{"line":11,"column":8},"end":{"line":11,"column":16}},"2":{"start":{"line":12,"column":8},"end":{"line":15,"column":9}},"3":{"start":{"line":18,"column":24},"end":{"line":22,"column":5}},"4":{"start":{"line":19,"column":8},"end":{"line":21,"column":10}},"5":{"start":{"line":24,"column":13},"end":{"line":33,"column":5}},"6":{"start":{"line":25,"column":32},"end":{"line":25,"column":42}},"7":{"start":{"line":26,"column":8},"end":{"line":26,"column":29}},"8":{"start":{"line":27,"column":8},"end":{"line":31,"column":11}},"9":{"start":{"line":30,"column":12},"end":{"line":30,"column":45}},"10":{"start":{"line":32,"column":8},"end":{"line":32,"column":39}},"11":{"start":{"line":35,"column":12},"end":{"line":40,"column":5}},"12":{"start":{"line":36,"column":8},"end":{"line":36,"column":34}},"13":{"start":{"line":37,"column":8},"end":{"line":39,"column":11}},"14":{"start":{"line":43,"column":8},"end":{"line":59,"column":9}},"15":{"start":{"line":47,"column":48},"end":{"line":47,"column":92}},"16":{"start":{"line":52,"column":20},"end":{"line":54,"column":21}}},"fnMap":{"0":{"name":"(anonymous_0)","decl":{"start":{"line":10,"column":4},"end":{"line":10,"column":5}},"loc":{"start":{"line":10,"column":18},"end":{"line":16,"column":5}},"line":10},"1":{"name":"(anonymous_1)","decl":{"start":{"line":18,"column":24},"end":{"line":18,"column":25}},"loc":{"start":{"line":18,"column":30},"end":{"line":22,"column":5}},"line":18},"2":{"name":"(anonymous_2)","decl":{"start":{"line":24,"column":13},"end":{"line":24,"column":14}},"loc":{"start":{"line":24,"column":19},"end":{"line":33,"column":5}},"line":24},"3":{"name":"(anonymous_3)","decl":{"start":{"line":29,"column":11},"end":{"line":29,"column":12}},"loc":{"start":{"line":29,"column":15},"end":{"line":31,"column":9}},"line":29},"4":{"name":"(anonymous_4)","decl":{"start":{"line":35,"column":12},"end":{"line":35,"column":13}},"loc":{"start":{"line":35,"column":18},"end":{"line":40,"column":5}},"line":35},"5":{"name":"(anonymous_5)","decl":{"start":{"line":42,"column":4},"end":{"line":42,"column":5}},"loc":{"start":{"line":42,"column":12},"end":{"line":60,"column":5}},"line":42},"6":{"name":"(anonymous_6)","decl":{"start":{"line":47,"column":39},"end":{"line":47,"column":40}},"loc":{"start":{"line":47,"column":48},"end":{"line":47,"column":92}},"line":47},"7":{"name":"(anonymous_7)","decl":{"start":{"line":51,"column":38},"end":{"line":51,"column":39}},"loc":{"start":{"line":51,"column":55},"end":{"line":55,"column":17}},"line":51}},"branchMap":{},"s":{"0":1,"1":2,"2":2,"3":2,"4":2,"5":2,"6":3,"7":3,"8":3,"9":3,"10":3,"11":2,"12":4,"13":4,"14":15,"15":4,"16":4},"f":{"0":2,"1":2,"2":3,"3":3,"4":4,"5":15,"6":4,"7":4},"b":{},"_coverageSchema":"43e27e138ebf9cfc5966b082cf9a028302ed4184","hash":"d8ccf20f0108ac947d1c3640e26caf0fea4afd64"}
,"E:\\Code\\ReactSample\\notetoself\\src\\components\\note.js": {"path":"E:\\Code\\ReactSample\\notetoself\\src\\components\\note.js","statementMap":{"0":{"start":{"line":5,"column":8},"end":{"line":9,"column":9}}},"fnMap":{"0":{"name":"(anonymous_0)","decl":{"start":{"line":4,"column":4},"end":{"line":4,"column":5}},"loc":{"start":{"line":4,"column":12},"end":{"line":10,"column":5}},"line":4}},"branchMap":{},"s":{"0":5},"f":{"0":5},"b":{},"_coverageSchema":"43e27e138ebf9cfc5966b082cf9a028302ed4184","hash":"fdd8ff27a69b19c01692a8979b30380aae3eb040"}
}
