TN:
SF:E:\Code\ReactSample\notetoself\src\index.js
FNF:0
FNH:0
DA:6,0
LF:1
LH:0
BRF:0
BRH:0
end_of_record
TN:
SF:E:\Code\ReactSample\notetoself\src\tempPolyfills.js
FN:1,(anonymous_0)
FNF:1
FNH:0
FNDA:0,(anonymous_0)
DA:1,2
DA:2,0
LF:2
LH:1
BRF:0
BRH:0
end_of_record
TN:
SF:E:\Code\ReactSample\notetoself\src\components\App.js
FN:10,(anonymous_0)
FN:18,(anonymous_1)
FN:24,(anonymous_2)
FN:29,(anonymous_3)
FN:35,(anonymous_4)
FN:42,(anonymous_5)
FN:47,(anonymous_6)
FN:51,(anonymous_7)
FNF:8
FNH:8
FNDA:2,(anonymous_0)
FNDA:2,(anonymous_1)
FNDA:3,(anonymous_2)
FNDA:3,(anonymous_3)
FNDA:4,(anonymous_4)
FNDA:15,(anonymous_5)
FNDA:4,(anonymous_6)
FNDA:4,(anonymous_7)
DA:6,1
DA:11,2
DA:12,2
DA:18,2
DA:19,2
DA:24,2
DA:25,3
DA:26,3
DA:27,3
DA:30,3
DA:32,3
DA:35,2
DA:36,4
DA:37,4
DA:43,15
DA:47,4
DA:52,4
LF:17
LH:17
BRF:0
BRH:0
end_of_record
TN:
SF:E:\Code\ReactSample\notetoself\src\components\note.js
FN:4,(anonymous_0)
FNF:1
FNH:1
FNDA:5,(anonymous_0)
DA:5,5
LF:1
LH:1
BRF:0
BRH:0
end_of_record
